0 info it worked if it ends with ok
1 verbose cli [ '/Users/chsienlee/.nvm/v0.10.33/bin/node',
1 verbose cli   '/Users/chsienlee/.nvm/v0.10.33/bin/npm',
1 verbose cli   'install',
1 verbose cli   '--save',
1 verbose cli   'web-line' ]
2 info using npm@1.4.28
3 info using node@v0.10.33
4 verbose readDependencies using package.json deps
5 verbose cache add [ 'web-line', null ]
6 verbose cache add name=undefined spec="web-line" args=["web-line",null]
7 verbose parsed url { protocol: null,
7 verbose parsed url   slashes: null,
7 verbose parsed url   auth: null,
7 verbose parsed url   host: null,
7 verbose parsed url   port: null,
7 verbose parsed url   hostname: null,
7 verbose parsed url   hash: null,
7 verbose parsed url   search: null,
7 verbose parsed url   query: null,
7 verbose parsed url   pathname: 'web-line',
7 verbose parsed url   path: 'web-line',
7 verbose parsed url   href: 'web-line' }
8 silly lockFile ac89c414-web-line web-line
9 verbose lock web-line /Users/chsienlee/.npm/ac89c414-web-line.lock
10 silly lockFile ac89c414-web-line web-line
11 silly lockFile ac89c414-web-line web-line
12 verbose addNamed [ 'web-line', '' ]
13 verbose addNamed [ null, '*' ]
14 silly lockFile e864a70a-web-line web-line@
15 verbose lock web-line@ /Users/chsienlee/.npm/e864a70a-web-line.lock
16 silly addNameRange { name: 'web-line', range: '*', hasData: false }
17 verbose request where is /web-line
18 verbose request registry https://registry.npmjs.org/
19 verbose request id 631d77b330c73dd4
20 verbose url raw /web-line
21 verbose url resolving [ 'https://registry.npmjs.org/', './web-line' ]
22 verbose url resolved https://registry.npmjs.org/web-line
23 verbose request where is https://registry.npmjs.org/web-line
24 info trying registry request attempt 1 at 03:16:52
25 http GET https://registry.npmjs.org/web-line
26 http 404 https://registry.npmjs.org/web-line
27 verbose headers { server: 'CouchDB/1.5.0 (Erlang OTP/R16B03)',
27 verbose headers   'content-type': 'application/json',
27 verbose headers   'cache-control': 'max-age=0',
27 verbose headers   'content-length': '51',
27 verbose headers   'accept-ranges': 'bytes',
27 verbose headers   date: 'Fri, 15 May 2015 19:16:53 GMT',
27 verbose headers   via: '1.1 varnish',
27 verbose headers   age: '0',
27 verbose headers   connection: 'keep-alive',
27 verbose headers   'x-served-by': 'cache-nrt6134-NRT',
27 verbose headers   'x-cache': 'MISS',
27 verbose headers   'x-cache-hits': '0',
27 verbose headers   'x-timer': 'S1431717413.242866,VS0,VE723' }
28 silly registry.get cb [ 404,
28 silly registry.get   { server: 'CouchDB/1.5.0 (Erlang OTP/R16B03)',
28 silly registry.get     'content-type': 'application/json',
28 silly registry.get     'cache-control': 'max-age=0',
28 silly registry.get     'content-length': '51',
28 silly registry.get     'accept-ranges': 'bytes',
28 silly registry.get     date: 'Fri, 15 May 2015 19:16:53 GMT',
28 silly registry.get     via: '1.1 varnish',
28 silly registry.get     age: '0',
28 silly registry.get     connection: 'keep-alive',
28 silly registry.get     'x-served-by': 'cache-nrt6134-NRT',
28 silly registry.get     'x-cache': 'MISS',
28 silly registry.get     'x-cache-hits': '0',
28 silly registry.get     'x-timer': 'S1431717413.242866,VS0,VE723' } ]
29 silly lockFile e864a70a-web-line web-line@
30 silly lockFile e864a70a-web-line web-line@
31 error 404 404 Not Found: web-line
31 error 404
31 error 404 'web-line' is not in the npm registry.
31 error 404 You should bug the author to publish it
31 error 404 It was specified as a dependency of 'web-LINE'
31 error 404
31 error 404 Note that you can also install from a
31 error 404 tarball, folder, or http url, or git url.
32 error System Darwin 14.1.0
33 error command "/Users/chsienlee/.nvm/v0.10.33/bin/node" "/Users/chsienlee/.nvm/v0.10.33/bin/npm" "install" "--save" "web-line"
34 error cwd /Users/chsienlee/JavascriptWorkspace/web-line
35 error node -v v0.10.33
36 error npm -v 1.4.28
37 error code E404
38 verbose exit [ 1, true ]
